{
  "RSpec": {
    "coverage": {
      "/home/nikita/Study/OPO/labs/labs/lab2/lib/calculation.rb": {
        "lines": [
          1,
          1,
          4,
          null,
          1,
          null,
          1,
          null,
          1,
          null,
          1,
          null,
          null,
          null,
          1,
          1,
          1,
          6,
          null,
          1,
          null,
          null,
          1,
          1,
          1,
          6,
          null,
          null,
          1,
          null,
          null,
          1,
          2,
          2,
          14,
          null,
          2,
          null,
          null,
          1,
          1,
          1,
          7,
          null,
          1,
          null,
          null,
          1,
          1,
          1,
          1,
          null,
          null
        ]
      }
    },
    "timestamp": 1601988976
  }
}
